======================
Proton: 1647272410 proton-5.13-6d
SteamGameId: 220
Command: ['/home/fng/.local/share/Steam/steamapps/common/Half-Life 2/hl2.exe', '-game', 'hl2', '-steam', '-windowed']
Options: {'forcelgadd'}
depot: 0.20240415.84602
pressure-vessel: 0.20240415.0 scout
scripts: 0.20240415.0
soldier: 0.20240415.84602 soldier 0.20240415.84602
======================
esync: up and running.
134942.240:0028:002c:trace:loaddll:build_module Loaded L"C:\\windows\\system32\\ntdll.dll" at 000000007BC00000: builtin
134942.241:0028:002c:trace:loaddll:build_module Loaded L"C:\\windows\\system32\\kernelbase.dll" at 000000007B000000: builtin
134942.241:0028:002c:trace:loaddll:build_module Loaded L"C:\\windows\\system32\\kernel32.dll" at 000000007B610000: builtin
134942.241:0028:002c:trace:loaddll:build_module Loaded L"C:\\windows\\system32\\wineboot.exe" at 0000000000400000: builtin
134942.241:0028:002c:trace:seh:check_bpf_jit_enable enabled 0x31.
134942.242:0028:002c:trace:loaddll:build_module Loaded L"C:\\windows\\system32\\ucrtbase.dll" at 00007FC4F04C0000: builtin
134942.242:0028:002c:trace:loaddll:build_module Loaded L"C:\\windows\\system32\\sechost.dll" at 0000000061900000: builtin
134942.242:0028:002c:trace:loaddll:build_module Loaded L"C:\\windows\\system32\\advapi32.dll" at 00007FC4F06E0000: builtin
134942.404:0030:0034:trace:loaddll:build_module Loaded L"C:\\windows\\system32\\ntdll.dll" at 000000007BC00000: builtin
134942.405:0030:0034:trace:loaddll:build_module Loaded L"C:\\windows\\system32\\kernelbase.dll" at 000000007B000000: builtin
134942.405:0030:0034:trace:loaddll:build_module Loaded L"C:\\windows\\system32\\kernel32.dll" at 000000007B610000: builtin
134942.405:0030:0034:trace:loaddll:build_module Loaded L"C:\\windows\\system32\\services.exe" at 0000000000400000: builtin
134942.405:0030:0034:trace:seh:install_bpf Seccomp filters already installed.
134942.406:0030:0034:trace:loaddll:build_module Loaded L"C:\\windows\\system32\\ucrtbase.dll" at 00007EFD0ED00000: builtin
134942.406:0030:0034:trace:loaddll:build_module Loaded L"C:\\windows\\system32\\sechost.dll" at 0000000061900000: builtin
134942.406:0030:0034:trace:loaddll:build_module Loaded L"C:\\windows\\system32\\advapi32.dll" at 00007EFD0EF10000: builtin
134942.406:0030:0034:trace:loaddll:build_module Loaded L"C:\\windows\\system32\\rpcrt4.dll" at 000000006FBC0000: builtin
134942.407:0030:0034:trace:loaddll:build_module Loaded L"C:\\windows\\system32\\version.dll" at 0000000065780000: builtin
134942.407:0030:0034:trace:loaddll:build_module Loaded L"C:\\windows\\system32\\setupapi.dll" at 000000006A700000: builtin
134942.407:0030:0034:trace:loaddll:build_module Loaded L"C:\\windows\\system32\\userenv.dll" at 0000000067D00000: builtin
134942.424:003c:0040:trace:loaddll:build_module Loaded L"C:\\windows\\system32\\ntdll.dll" at 000000007BC00000: builtin
134942.425:003c:0040:trace:loaddll:build_module Loaded L"C:\\windows\\system32\\kernelbase.dll" at 000000007B000000: builtin
134942.425:003c:0040:trace:loaddll:build_module Loaded L"C:\\windows\\system32\\kernel32.dll" at 000000007B610000: builtin
134942.425:003c:0040:trace:loaddll:build_module Loaded L"C:\\windows\\system32\\plugplay.exe" at 0000000000400000: builtin
134942.425:003c:0040:trace:seh:install_bpf Seccomp filters already installed.
134942.426:003c:0040:trace:loaddll:build_module Loaded L"C:\\windows\\system32\\ucrtbase.dll" at 00007F991E930000: builtin
134942.426:003c:0040:trace:loaddll:build_module Loaded L"C:\\windows\\system32\\sechost.dll" at 0000000061900000: builtin
134942.426:003c:0040:trace:loaddll:build_module Loaded L"C:\\windows\\system32\\advapi32.dll" at 00007F991EB40000: builtin
134942.426:003c:0040:trace:loaddll:build_module Loaded L"C:\\windows\\system32\\rpcrt4.dll" at 000000006FBC0000: builtin
134942.427:003c:0040:trace:loaddll:build_module Loaded L"C:\\windows\\system32\\version.dll" at 0000000065780000: builtin
134942.427:003c:0040:trace:loaddll:build_module Loaded L"C:\\windows\\system32\\setupapi.dll" at 000000006A700000: builtin
134942.427:003c:0040:trace:loaddll:build_module Loaded L"C:\\windows\\system32\\gdi32.dll" at 00007F991E4D0000: builtin
134942.427:003c:0040:trace:loaddll:build_module Loaded L"C:\\windows\\system32\\user32.dll" at 00007F991E690000: builtin
134942.564:003c:0040:trace:loaddll:build_module Loaded L"C:\\windows\\system32\\ole32.dll" at 0000000065000000: builtin
134942.564:003c:0040:trace:loaddll:build_module Loaded L"C:\\windows\\system32\\imm32.dll" at 000000006BEC0000: builtin
134942.576:0058:005c:trace:loaddll:build_module Loaded L"C:\\windows\\system32\\ntdll.dll" at 000000007BC00000: builtin
134942.577:0058:005c:trace:loaddll:build_module Loaded L"C:\\windows\\system32\\kernelbase.dll" at 000000007B000000: builtin
134942.577:0058:005c:trace:loaddll:build_module Loaded L"C:\\windows\\system32\\kernel32.dll" at 000000007B610000: builtin
134942.577:0058:005c:trace:loaddll:build_module Loaded L"C:\\windows\\system32\\winedevice.exe" at 0000000000400000: builtin
134942.577:0058:005c:trace:seh:install_bpf Seccomp filters already installed.
134942.578:0058:005c:trace:loaddll:build_module Loaded L"C:\\windows\\system32\\ucrtbase.dll" at 00007FB6F24E0000: builtin
134942.578:0058:005c:trace:loaddll:build_module Loaded L"C:\\windows\\system32\\sechost.dll" at 0000000061900000: builtin
134942.578:0058:005c:trace:loaddll:build_module Loaded L"C:\\windows\\system32\\advapi32.dll" at 00007FB6F2700000: builtin
134942.578:0058:005c:trace:loaddll:build_module Loaded L"C:\\windows\\system32\\msvcrt.dll" at 00007FB6F23F0000: builtin
134942.579:0058:005c:trace:loaddll:build_module Loaded L"C:\\windows\\system32\\ntoskrnl.exe" at 0000000067A00000: builtin
134942.583:0058:005c:trace:loaddll:build_module Loaded L"C:\\windows\\system32\\rpcrt4.dll" at 000000006FBC0000: builtin
134942.595:0058:0068:trace:seh:NtQueryInformationThread (0xfffffffffffffffe,0,0xe8f7b0,30,(nil))
134942.596:0058:0064:trace:loaddll:build_module Loaded L"C:\\windows\\system32\\drivers\\winebus.sys" at 00007FB6F23A0000: builtin
134942.596:0058:0064:trace:loaddll:build_module Loaded L"C:\\windows\\system32\\version.dll" at 0000000065780000: builtin
134942.596:0058:0064:trace:loaddll:build_module Loaded L"C:\\windows\\system32\\setupapi.dll" at 000000006A700000: builtin
134942.597:0058:0064:trace:seh:NtQueryInformationThread (0xfffffffffffffffe,0,0xc7ef70,30,(nil))
134942.600:0058:0064:trace:loaddll:build_module Loaded L"C:\\windows\\system32\\hidclass.sys" at 0000000062C40000: builtin
134942.600:0058:0064:trace:loaddll:build_module Loaded L"C:\\windows\\system32\\drivers\\winehid.sys" at 000000006B3C0000: builtin
134942.600:0058:0064:trace:loaddll:build_module Loaded L"C:\\windows\\system32\\hid.dll" at 0000000064B80000: builtin
134942.601:0058:0064:trace:loaddll:build_module Loaded L"C:\\windows\\system32\\gdi32.dll" at 00007FB6F1F10000: builtin
134942.601:0058:0064:trace:loaddll:build_module Loaded L"C:\\windows\\system32\\user32.dll" at 00007FB6F20D0000: builtin
134942.643:0058:0064:trace:loaddll:build_module Loaded L"C:\\windows\\system32\\ole32.dll" at 0000000065000000: builtin
134942.643:0058:0064:trace:loaddll:build_module Loaded L"C:\\windows\\system32\\imm32.dll" at 000000006BEC0000: builtin
134942.644:0058:0070:trace:seh:NtQueryInformationThread (0xfffffffffffffffe,0,0x109f980,30,(nil))
134942.675:0058:0064:trace:loaddll:build_module Loaded L"C:\\windows\\system32\\drivers\\wineusb.sys" at 00007FB6F0E70000: builtin
134942.688:0088:008c:trace:loaddll:build_module Loaded L"C:\\windows\\system32\\ntdll.dll" at 000000007BC00000: builtin
134942.689:0088:008c:trace:loaddll:build_module Loaded L"C:\\windows\\system32\\kernelbase.dll" at 000000007B000000: builtin
134942.689:0088:008c:trace:loaddll:build_module Loaded L"C:\\windows\\system32\\kernel32.dll" at 000000007B610000: builtin
134942.689:0088:008c:trace:loaddll:build_module Loaded L"C:\\windows\\system32\\winedevice.exe" at 0000000000400000: builtin
134942.689:0088:008c:trace:seh:install_bpf Seccomp filters already installed.
134942.690:0088:008c:trace:loaddll:build_module Loaded L"C:\\windows\\system32\\ucrtbase.dll" at 00007F7BA7530000: builtin
134942.690:0088:008c:trace:loaddll:build_module Loaded L"C:\\windows\\system32\\sechost.dll" at 0000000061900000: builtin
134942.690:0088:008c:trace:loaddll:build_module Loaded L"C:\\windows\\system32\\advapi32.dll" at 00007F7BA7740000: builtin
134942.691:0088:008c:trace:loaddll:build_module Loaded L"C:\\windows\\system32\\msvcrt.dll" at 00007F7BA7430000: builtin
134942.691:0088:008c:trace:loaddll:build_module Loaded L"C:\\windows\\system32\\ntoskrnl.exe" at 0000000067A00000: builtin
134942.695:0088:008c:trace:loaddll:build_module Loaded L"C:\\windows\\system32\\rpcrt4.dll" at 000000006FBC0000: builtin
134942.697:0088:0098:trace:seh:NtQueryInformationThread (0xfffffffffffffffe,0,0xe8f7b0,30,(nil))
134942.700:0088:0094:trace:loaddll:build_module Loaded L"C:\\windows\\system32\\drivers\\mountmgr.sys" at 00007F7BA73E0000: builtin
134942.702:0088:0094:trace:loaddll:build_module Loaded L"C:\\windows\\system32\\version.dll" at 0000000065780000: builtin
134942.702:0088:0094:trace:loaddll:build_module Loaded L"C:\\windows\\system32\\setupapi.dll" at 000000006A700000: builtin
134942.703:0088:0098:trace:seh:NtQueryInformationThread (0x60,0,0xe8f750,30,(nil))
134942.706:0028:002c:trace:loaddll:build_module Loaded L"C:\\windows\\system32\\gdi32.dll" at 00007FC4EF8B0000: builtin
134942.706:0028:002c:trace:loaddll:build_module Loaded L"C:\\windows\\system32\\rpcrt4.dll" at 000000006FBC0000: builtin
134942.707:0028:002c:trace:loaddll:build_module Loaded L"C:\\windows\\system32\\version.dll" at 0000000065780000: builtin
134942.707:0028:002c:trace:loaddll:build_module Loaded L"C:\\windows\\system32\\setupapi.dll" at 000000006A700000: builtin
134942.707:0028:002c:trace:loaddll:build_module Loaded L"C:\\windows\\system32\\user32.dll" at 00007FC4EF620000: builtin
134942.707:0028:002c:trace:loaddll:build_module Loaded L"C:\\windows\\system32\\ole32.dll" at 0000000065000000: builtin
134942.707:0028:002c:trace:loaddll:build_module Loaded L"C:\\windows\\system32\\shcore.dll" at 0000000064940000: builtin
134942.707:0028:002c:trace:loaddll:build_module Loaded L"C:\\windows\\system32\\shlwapi.dll" at 0000000068A40000: builtin
134942.707:0028:002c:trace:loaddll:build_module Loaded L"C:\\windows\\system32\\shell32.dll" at 00007FC4EFA70000: builtin
134942.748:0028:002c:trace:loaddll:build_module Loaded L"C:\\windows\\system32\\imm32.dll" at 000000006BEC0000: builtin
134942.750:0020:0024:trace:loaddll:build_module Loaded L"C:\\windows\\system32\\ntdll.dll" at 7BC00000: builtin
134942.750:0020:0024:trace:loaddll:build_module Loaded L"C:\\windows\\system32\\kernelbase.dll" at 7B000000: builtin
134942.750:0020:0024:trace:loaddll:build_module Loaded L"C:\\windows\\system32\\kernel32.dll" at 7B620000: builtin
134942.752:0020:0024:trace:loaddll:build_module Loaded L"C:\\Program Files (x86)\\Steam\\steam.exe" at 7ED70000: builtin
134942.754:0020:0024:trace:loaddll:build_module Loaded L"C:\\windows\\system32\\ucrtbase.dll" at 7E910000: builtin
134942.754:0020:0024:trace:loaddll:build_module Loaded L"C:\\windows\\system32\\sechost.dll" at 61B00000: builtin
134942.754:0020:0024:trace:loaddll:build_module Loaded L"C:\\windows\\system32\\advapi32.dll" at 7EA00000: builtin
134942.754:0020:0024:trace:loaddll:build_module Loaded L"C:\\windows\\system32\\gdi32.dll" at 7E7A0000: builtin
134942.754:0020:0024:trace:loaddll:build_module Loaded L"C:\\windows\\system32\\rpcrt4.dll" at 6FDC0000: builtin
134942.756:0020:0024:trace:loaddll:build_module Loaded L"C:\\windows\\system32\\version.dll" at 65980000: builtin
134942.756:0020:0024:trace:loaddll:build_module Loaded L"C:\\windows\\system32\\setupapi.dll" at 6A900000: builtin
134942.756:0020:0024:trace:loaddll:build_module Loaded L"C:\\windows\\system32\\user32.dll" at 7E570000: builtin
134942.756:0020:0024:trace:loaddll:build_module Loaded L"C:\\windows\\system32\\ole32.dll" at 65200000: builtin
134942.759:0020:0024:trace:loaddll:build_module Loaded L"C:\\windows\\system32\\shcore.dll" at 64B40000: builtin
134942.759:0020:0024:trace:loaddll:build_module Loaded L"C:\\windows\\system32\\shlwapi.dll" at 68C40000: builtin
134942.759:0020:0024:trace:loaddll:build_module Loaded L"C:\\windows\\system32\\shell32.dll" at 7DB60000: builtin
134942.860:0020:0024:trace:loaddll:build_module Loaded L"C:\\windows\\system32\\imm32.dll" at 6C0C0000: builtin
134942.864:00a8:00ac:trace:loaddll:build_module Loaded L"C:\\windows\\system32\\ntdll.dll" at 000000007BC00000: builtin
134942.865:00a8:00ac:trace:loaddll:build_module Loaded L"C:\\windows\\system32\\kernelbase.dll" at 000000007B000000: builtin
134942.865:00a8:00ac:trace:loaddll:build_module Loaded L"C:\\windows\\system32\\kernel32.dll" at 000000007B610000: builtin
134942.865:00a8:00ac:trace:loaddll:build_module Loaded L"C:\\windows\\system32\\explorer.exe" at 0000000000400000: builtin
134942.865:00a8:00ac:trace:seh:check_bpf_jit_enable enabled 0x31.
134942.866:00a8:00ac:trace:loaddll:build_module Loaded L"C:\\windows\\system32\\ucrtbase.dll" at 00007F643D790000: builtin
134942.866:00a8:00ac:trace:loaddll:build_module Loaded L"C:\\windows\\system32\\sechost.dll" at 0000000061900000: builtin
134942.866:00a8:00ac:trace:loaddll:build_module Loaded L"C:\\windows\\system32\\advapi32.dll" at 00007F643D9B0000: builtin
134942.866:00a8:00ac:trace:loaddll:build_module Loaded L"C:\\windows\\system32\\gdi32.dll" at 00007F643D5D0000: builtin
134942.867:00a8:00ac:trace:loaddll:build_module Loaded L"C:\\windows\\system32\\rpcrt4.dll" at 000000006FBC0000: builtin
134942.868:00a8:00ac:trace:loaddll:build_module Loaded L"C:\\windows\\system32\\version.dll" at 0000000065780000: builtin
134942.868:00a8:00ac:trace:loaddll:build_module Loaded L"C:\\windows\\system32\\setupapi.dll" at 000000006A700000: builtin
134942.868:00a8:00ac:trace:loaddll:build_module Loaded L"C:\\windows\\system32\\user32.dll" at 00007F643D340000: builtin
Setting breakpad minidump AppID = 220
Steam_SetMinidumpSteamID:  Caching Steam ID:  76561198076304472 [API loaded no]
134942.912:00a8:00ac:trace:loaddll:build_module Loaded L"C:\\windows\\system32\\ole32.dll" at 0000000065000000: builtin
134942.912:00a8:00ac:trace:loaddll:build_module Loaded L"C:\\windows\\system32\\imm32.dll" at 000000006BEC0000: builtin
134942.914:00a8:00ac:trace:loaddll:build_module Loaded L"C:\\windows\\system32\\winex11.drv" at 00007F643CFD0000: builtin
134943.015:00a8:00ac:trace:loaddll:build_module Loaded L"C:\\windows\\system32\\shcore.dll" at 0000000064940000: builtin
134943.015:00a8:00ac:trace:loaddll:build_module Loaded L"C:\\windows\\system32\\shlwapi.dll" at 0000000068A40000: builtin
134943.015:00a8:00ac:trace:loaddll:build_module Loaded L"C:\\windows\\system32\\shell32.dll" at 00007F643B5D0000: builtin
134943.016:00b4:00b8:trace:loaddll:build_module Loaded L"C:\\windows\\system32\\ntdll.dll" at 000000007BC00000: builtin
134943.016:00b4:00b8:trace:loaddll:build_module Loaded L"C:\\windows\\system32\\kernelbase.dll" at 000000007B000000: builtin
134943.016:00b4:00b8:trace:loaddll:build_module Loaded L"C:\\windows\\system32\\kernel32.dll" at 000000007B610000: builtin
134943.016:00b4:00b8:trace:loaddll:build_module Loaded L"C:\\windows\\system32\\explorer.exe" at 0000000000400000: builtin
134943.016:00b4:00b8:trace:seh:check_bpf_jit_enable enabled 0x31.
134943.018:00b4:00b8:trace:loaddll:build_module Loaded L"C:\\windows\\system32\\ucrtbase.dll" at 00007FCF50990000: builtin
134943.018:00b4:00b8:trace:loaddll:build_module Loaded L"C:\\windows\\system32\\sechost.dll" at 0000000061900000: builtin
134943.018:00b4:00b8:trace:loaddll:build_module Loaded L"C:\\windows\\system32\\advapi32.dll" at 00007FCF50BB0000: builtin
134943.018:00b4:00b8:trace:loaddll:build_module Loaded L"C:\\windows\\system32\\gdi32.dll" at 00007FCF507D0000: builtin
134943.018:00b4:00b8:trace:loaddll:build_module Loaded L"C:\\windows\\system32\\rpcrt4.dll" at 000000006FBC0000: builtin
134943.020:00b4:00b8:trace:loaddll:build_module Loaded L"C:\\windows\\system32\\version.dll" at 0000000065780000: builtin
134943.020:00b4:00b8:trace:loaddll:build_module Loaded L"C:\\windows\\system32\\setupapi.dll" at 000000006A700000: builtin
134943.020:00b4:00b8:trace:loaddll:build_module Loaded L"C:\\windows\\system32\\user32.dll" at 00007FCF50540000: builtin
134943.020:00a8:00ac:trace:loaddll:build_module Loaded L"C:\\windows\\system32\\oleaut32.dll" at 000000006A100000: builtin
134943.020:00a8:00ac:trace:loaddll:build_module Loaded L"C:\\windows\\system32\\actxprxy.dll" at 0000000000DB0000: builtin
134943.021:0020:00a4:trace:loaddll:build_module Loaded L"C:\\windows\\system32\\winex11.drv" at F5F60000: builtin
134943.073:00b4:00b8:trace:loaddll:build_module Loaded L"C:\\windows\\system32\\ole32.dll" at 0000000065000000: builtin
134943.073:00b4:00b8:trace:loaddll:build_module Loaded L"C:\\windows\\system32\\imm32.dll" at 000000006BEC0000: builtin
134943.075:00b4:00b8:trace:loaddll:build_module Loaded L"C:\\windows\\system32\\winex11.drv" at 00007FCF501D0000: builtin
134943.091:00b4:00b8:trace:loaddll:build_module Loaded L"C:\\windows\\system32\\shcore.dll" at 0000000064940000: builtin
134943.091:00b4:00b8:trace:loaddll:build_module Loaded L"C:\\windows\\system32\\shlwapi.dll" at 0000000068A40000: builtin
134943.091:00b4:00b8:trace:loaddll:build_module Loaded L"C:\\windows\\system32\\shell32.dll" at 00007FCF4E7D0000: builtin
134943.093:00b4:00b8:trace:loaddll:build_module Loaded L"C:\\windows\\system32\\oleaut32.dll" at 000000006A100000: builtin
134943.093:00b4:00b8:trace:loaddll:build_module Loaded L"C:\\windows\\system32\\actxprxy.dll" at 0000000000A90000: builtin
134943.110:00cc:00d0:trace:loaddll:build_module Loaded L"C:\\windows\\system32\\ntdll.dll" at 7BC00000: builtin
134943.111:00cc:00d0:trace:loaddll:build_module Loaded L"C:\\windows\\system32\\kernelbase.dll" at 7B000000: builtin
134943.111:00cc:00d0:trace:loaddll:build_module Loaded L"C:\\windows\\system32\\kernel32.dll" at 7B620000: builtin
134943.111:00cc:00d0:trace:loaddll:build_module Loaded L"Z:\\home\\fng\\.local\\share\\Steam\\steamapps\\common\\Half-Life 2\\hl2.exe" at 00400000: native
134943.115:00cc:00d0:trace:loaddll:build_module Loaded L"C:\\windows\\system32\\ucrtbase.dll" at 7E900000: builtin
134943.115:00cc:00d0:trace:loaddll:build_module Loaded L"C:\\windows\\system32\\sechost.dll" at 61B00000: builtin
134943.115:00cc:00d0:trace:loaddll:build_module Loaded L"C:\\windows\\system32\\advapi32.dll" at 7E9F0000: builtin
134943.115:00cc:00d0:trace:loaddll:build_module Loaded L"C:\\windows\\system32\\rpcrt4.dll" at 6FDC0000: builtin
134943.116:00cc:00d0:trace:loaddll:build_module Loaded L"C:\\windows\\system32\\version.dll" at 65980000: builtin
134943.116:00cc:00d0:trace:loaddll:build_module Loaded L"C:\\windows\\system32\\setupapi.dll" at 6A900000: builtin
134943.116:00cc:00d0:trace:loaddll:build_module Loaded L"C:\\windows\\system32\\gdi32.dll" at 7E790000: builtin
134943.116:00cc:00d0:trace:loaddll:build_module Loaded L"C:\\windows\\system32\\USER32.dll" at 7EA70000: builtin
134943.168:00cc:00d0:trace:loaddll:build_module Loaded L"C:\\windows\\system32\\ole32.dll" at 65200000: builtin
134943.168:00cc:00d0:trace:loaddll:build_module Loaded L"C:\\windows\\system32\\imm32.dll" at 6C0C0000: builtin
134943.172:00cc:00d0:trace:loaddll:build_module Loaded L"C:\\windows\\system32\\shcore.dll" at 64B40000: builtin
134943.172:00cc:00d0:trace:loaddll:build_module Loaded L"C:\\windows\\system32\\shlwapi.dll" at 68C40000: builtin
134943.172:00cc:00d0:trace:loaddll:build_module Loaded L"C:\\windows\\system32\\SHELL32.dll" at F5790000: builtin
134943.173:00cc:00d0:trace:loaddll:build_module Loaded L"C:\\windows\\system32\\iphlpapi.dll" at F5740000: builtin
134943.173:00cc:00d0:trace:loaddll:build_module Loaded L"C:\\windows\\system32\\ws2_32.dll" at F56E0000: builtin
134943.173:00cc:00d0:trace:loaddll:build_module Loaded L"C:\\windows\\system32\\WSOCK32.dll" at 6C2C0000: builtin
134943.174:00cc:00d0:trace:loaddll:build_module Loaded L"Z:\\home\\fng\\.local\\share\\Steam\\steamapps\\common\\Half-Life 2\\bin\\steam_api.dll" at 3B400000: native
134943.175:00cc:00d0:trace:loaddll:build_module Loaded L"C:\\windows\\system32\\msacm32.dll" at 66640000: builtin
134943.175:00cc:00d0:trace:loaddll:build_module Loaded L"C:\\windows\\system32\\WINMM.dll" at 639C0000: builtin
134943.175:00cc:00d0:trace:loaddll:build_module Loaded L"Z:\\home\\fng\\.local\\share\\Steam\\steamapps\\common\\Half-Life 2\\bin\\tier0.dll" at 00320000: native
134943.175:00cc:00d0:trace:loaddll:build_module Loaded L"Z:\\home\\fng\\.local\\share\\Steam\\steamapps\\common\\Half-Life 2\\bin\\vstdlib.dll" at 00880000: native
134943.175:00cc:00d0:trace:loaddll:build_module Loaded L"Z:\\home\\fng\\.local\\share\\Steam\\steamapps\\common\\Half-Life 2\\bin\\launcher.dll" at 10000000: native
134943.175:00cc:00d0:trace:loaddll:build_module Loaded L"C:\\windows\\system32\\api-ms-win-core-synch-l1-2-0.dll" at 6E540000: builtin
134943.176:00cc:00d0:trace:loaddll:build_module Loaded L"C:\\windows\\system32\\api-ms-win-core-fibers-l1-1-1.dll" at 6BA80000: builtin
134943.176:00cc:00d0:trace:loaddll:build_module Loaded L"C:\\windows\\system32\\api-ms-win-core-localization-l1-2-1.dll" at 6E8C0000: builtin
134943.176:00cc:00d0:fixme:heap:RtlSetHeapInformation 00000000 1 00000000 0 stub
134943.177:00cc:00d0:trace:loaddll:build_module Loaded L"C:\\windows\\system32\\psapi.dll" at 6AEC0000: builtin
134943.177:00cc:00d0:fixme:ntdll:EtwEventRegister ({47a9201e-73b0-42ce-9821-7e134361bc6f}, 00325FA0, 0035DEA0, 0035DE98) stub.
134943.177:00cc:00d0:fixme:ntdll:EtwEventRegister ({58a9201e-73b0-42ce-9821-7e134361bc70}, 00325FA0, 0035DED8, 0035DED0) stub.
134943.177:00cc:00d0:fixme:ntdll:EtwEventRegister ({3fa9201e-73b0-43fe-9821-7e145359bc6f}, 00325FA0, 0035DE68, 0035DE60) stub.
134943.177:00cc:00d0:fixme:ntdll:EtwEventRegister ({1432afee-73b0-42ce-9821-7e134361b433}, 00325FA0, 0035DF10, 0035DF08) stub.
134943.177:00cc:00d0:fixme:ntdll:EtwEventRegister ({4372afee-73b0-42ce-9821-7e134361b519}, 00325FA0, 0035DF48, 0035DF40) stub.
134943.235:00cc:00d0:fixme:ver:GetCurrentPackageId (0031E4AC 00000000): stub
134943.237:00cc:00d0:trace:loaddll:build_module Loaded L"Z:\\home\\fng\\.local\\share\\Steam\\steamapps\\common\\Half-Life 2\\bin\\filesystem_stdio.dll" at 0B630000: native
134943.248:00cc:00d0:trace:loaddll:build_module Loaded L"C:\\windows\\system32\\bcrypt.dll" at F56C0000: builtin
134943.249:00cc:00d0:trace:loaddll:build_module Loaded L"C:\\windows\\system32\\crypt32.dll" at F55D0000: builtin
134943.249:00cc:00d0:trace:loaddll:build_module Loaded L"C:\\windows\\system32\\rsaenh.dll" at 66700000: builtin
134943.251:00cc:00d0:trace:loaddll:free_modref Unloaded module L"C:\\windows\\system32\\rsaenh.dll" : builtin
134943.251:00cc:00d0:trace:loaddll:free_modref Unloaded module L"C:\\windows\\system32\\crypt32.dll" : builtin
134943.251:00cc:00d0:trace:loaddll:free_modref Unloaded module L"C:\\windows\\system32\\bcrypt.dll" : builtin
134943.251:00cc:00d4:fixme:ver:GetCurrentPackageId (0B7DFF2C 00000000): stub
134943.251:00cc:00d0:trace:seh:NtSetInformationThread (0xa8,3,0x31e47c,4)
134943.251:00cc:00d0:trace:seh:NtQueryInformationThread (0xa8,0,0x31e424,1c,(nil))
134943.251:00cc:00d0:trace:seh:NtSetInformationThread (0xa8,4,0x31e470,4)
134943.251:00cc:00d0:trace:seh:NtQueryInformationThread (0xa8,0,0x31e51c,1c,(nil))
134943.251:00cc:00d0:trace:seh:NtQueryInformationThread (0xa8,0,0x31e50c,1c,(nil))
134943.251:00cc:00d0:trace:seh:NtQueryInformationThread (0xa8,0,0x31e50c,1c,(nil))
134943.251:00cc:00d0:trace:seh:NtSetInformationThread (0xa8,3,0x31e530,4)
134943.251:00cc:00d0:trace:seh:NtQueryInformationThread (0xa8,0,0x31e2f4,1c,(nil))
134943.251:00cc:00d0:trace:seh:NtQueryInformationThread (0xa8,0,0x31e2e4,1c,(nil))
134943.251:00cc:00d0:trace:seh:NtQueryInformationThread (0xa8,0,0x31e2e4,1c,(nil))
134943.251:00cc:00d0:trace:seh:NtSetInformationThread (0xa8,3,0x31e308,4)
134943.251:00cc:00d0:fixme:ver:GetCurrentPackageId (0031DFC8 00000000): stub
134943.252:00cc:00d0:trace:seh:NtQueryInformationThread (0xa8,0,0x31e2f4,1c,(nil))
134943.252:00cc:00d0:trace:seh:NtQueryInformationThread (0xa8,0,0x31e2e4,1c,(nil))
134943.252:00cc:00d0:trace:seh:NtQueryInformationThread (0xa8,0,0x31e2e4,1c,(nil))
134943.252:00cc:00d0:trace:seh:NtSetInformationThread (0xa8,3,0x31e308,4)
134943.254:00cc:00d0:trace:loaddll:build_module Loaded L"C:\\windows\\system32\\winex11.drv" at F5630000: builtin
134943.270:00cc:00d0:trace:loaddll:build_module Loaded L"C:\\windows\\system32\\mpr.dll" at 6DBC0000: builtin
134943.270:00cc:00d0:trace:loaddll:build_module Loaded L"C:\\windows\\system32\\WININET.dll" at 6B4C0000: builtin
134943.270:00cc:00d0:trace:loaddll:build_module Loaded L"z:\\home\\fng\\.local\\share\\steam\\steamapps\\common\\half-life 2\\bin\\engine.dll" at 0B900000: native
134943.276:00cc:00d0:trace:loaddll:build_module Loaded L"C:\\windows\\system32\\msvcrt.dll" at F54B0000: builtin
134943.276:00cc:00d0:trace:loaddll:build_module Loaded L"C:\\windows\\system32\\OLEAUT32.dll" at 6A300000: builtin
134943.276:00cc:00d0:trace:loaddll:build_module Loaded L"z:\\home\\fng\\.local\\share\\steam\\steamapps\\common\\half-life 2\\bin\\SDL2.dll" at 6C940000: native
134943.277:00cc:00d0:trace:loaddll:build_module Loaded L"z:\\home\\fng\\.local\\share\\steam\\steamapps\\common\\half-life 2\\bin\\inputsystem.dll" at 00390000: native
134943.278:00cc:00d0:trace:loaddll:build_module Loaded L"z:\\home\\fng\\.local\\share\\steam\\steamapps\\common\\half-life 2\\bin\\materialsystem.dll" at 0C610000: native
134943.278:00cc:00d0:trace:loaddll:build_module Loaded L"z:\\home\\fng\\.local\\share\\steam\\steamapps\\common\\half-life 2\\bin\\datacache.dll" at 0D980000: native
134943.279:00cc:00d0:trace:loaddll:build_module Loaded L"z:\\home\\fng\\.local\\share\\steam\\steamapps\\common\\half-life 2\\bin\\studiorender.dll" at 0D9D0000: native
134943.280:00cc:00d0:trace:loaddll:build_module Loaded L"z:\\home\\fng\\.local\\share\\steam\\steamapps\\common\\half-life 2\\bin\\vphysics.dll" at 0DDD0000: native
134943.281:00cc:00d0:trace:loaddll:build_module Loaded L"z:\\home\\fng\\.local\\share\\steam\\steamapps\\common\\half-life 2\\bin\\video_services.dll" at 003C0000: native
134943.282:00cc:00d0:trace:loaddll:build_module Loaded L"z:\\home\\fng\\.local\\share\\steam\\steamapps\\common\\half-life 2\\bin\\vguimatsurface.dll" at 0DEC0000: native
134943.283:00cc:00d0:trace:loaddll:build_module Loaded L"z:\\home\\fng\\.local\\share\\steam\\steamapps\\common\\half-life 2\\bin\\vgui2.dll" at 0E040000: native
134943.287:00cc:00d0:warn:debugstr:OutputDebugStringA "AppFramework : Unable to load module sourcevr.dll!\n"
134943.287:00cc:00d0:trace:seh:dispatch_exception code=40010006 flags=0 addr=7B00FC38 ip=7b00fc38 tid=00d0
134943.287:00cc:00d0:trace:seh:dispatch_exception  info[0]=00000034
134943.287:00cc:00d0:trace:seh:dispatch_exception  info[1]=0031d1b8
134943.287:00cc:00d0:trace:seh:dispatch_exception  eax=0031cf60 ebx=0031d1b8 ecx=00000000 edx=0031cf74 esi=0031cfe8 edi=0031cf78
134943.287:00cc:00d0:trace:seh:dispatch_exception  ebp=0031cfb8 esp=0031cf54 cs=1010023 ds=181002b es=10002b fs=100063 gs=10006b flags=00200203
134943.287:00cc:00d0:trace:seh:call_vectored_handlers calling handler at 7B637B70 code=40010006 flags=0
134943.287:00cc:00d0:trace:seh:call_vectored_handlers handler at 7B637B70 returned 0
134943.287:00cc:00d0:trace:seh:call_stack_handlers calling handler at 7B659450 code=40010006 flags=0
134943.287:00cc:00d0:trace:seh:__regs_RtlUnwind code=40010006 flags=2
134943.287:00cc:00d0:trace:seh:__regs_RtlUnwind eax=00000000 ebx=00000000 ecx=40010006 edx=0031cfec esi=0031cf60 edi=0031cfec
134943.287:00cc:00d0:trace:seh:__regs_RtlUnwind ebp=0031caa8 esp=0031caa0 eip=7b6593fe cs=0023 ds=002b fs=0063 gs=006b flags=00200206
134943.287:00cc:00d0:trace:seh:__regs_RtlUnwind calling handler at 7BC5B020 code=40010006 flags=2
134943.287:00cc:00d0:trace:seh:__regs_RtlUnwind handler at 7BC5B020 returned 1
134943.287:00cc:00d0:warn:debugstr:OutputDebugStringA "Using shader api: shaderapidx9\n"
134943.287:00cc:00d0:trace:seh:dispatch_exception code=40010006 flags=0 addr=7B00FC38 ip=7b00fc38 tid=00d0
134943.287:00cc:00d0:trace:seh:dispatch_exception  info[0]=00000020
134943.287:00cc:00d0:trace:seh:dispatch_exception  info[1]=0031d1dc
134943.287:00cc:00d0:trace:seh:dispatch_exception  eax=0031cf80 ebx=0031d1dc ecx=00000000 edx=0031cf94 esi=0031d008 edi=0031cf98
134943.287:00cc:00d0:trace:seh:dispatch_exception  ebp=0031cfd8 esp=0031cf74 cs=0023 ds=002b es=f7ce002b fs=0063 gs=31006b flags=00200203
134943.287:00cc:00d0:trace:seh:call_vectored_handlers calling handler at 7B637B70 code=40010006 flags=0
134943.287:00cc:00d0:trace:seh:call_vectored_handlers handler at 7B637B70 returned 0
134943.287:00cc:00d0:trace:seh:call_stack_handlers calling handler at 7B659450 code=40010006 flags=0
134943.287:00cc:00d0:trace:seh:__regs_RtlUnwind code=40010006 flags=2
134943.287:00cc:00d0:trace:seh:__regs_RtlUnwind eax=00000000 ebx=00000000 ecx=40010006 edx=0031d00c esi=0031cf80 edi=0031d00c
134943.287:00cc:00d0:trace:seh:__regs_RtlUnwind ebp=0031cac8 esp=0031cac0 eip=7b6593fe cs=0023 ds=002b fs=0063 gs=006b flags=00200206
134943.287:00cc:00d0:trace:seh:__regs_RtlUnwind calling handler at 7BC5B020 code=40010006 flags=2
134943.287:00cc:00d0:trace:seh:__regs_RtlUnwind handler at 7BC5B020 returned 1
134943.291:00cc:00d0:trace:loaddll:build_module Loaded L"C:\\windows\\system32\\vulkan-1.dll" at 64F40000: builtin
134943.291:00cc:00d0:trace:loaddll:build_module Loaded L"C:\\windows\\system32\\winevulkan.dll" at F5440000: builtin
134943.291:00cc:00d0:trace:loaddll:build_module Loaded L"C:\\windows\\system32\\d3d9.dll" at 62440000: native
134943.291:00cc:00d0:trace:loaddll:build_module Loaded L"z:\\home\\fng\\.local\\share\\steam\\steamapps\\common\\half-life 2\\bin\\shaderapidx9.dll" at 0E160000: native
134943.292:00cc:00d0:trace:seh:NtQueryInformationThread (0xe8,0,0x31d1a0,1c,(nil))
info:  Game: hl2.exe
info:  DXVK: v1.7.3-37-g3f91cdbc
info:  Built-in extension providers:
info:    Win32 WSI
info:    OpenVR
info:    OpenXR
134943.348:00cc:00d0:trace:loaddll:build_module Loaded L"C:\\windows\\system32\\openvr_api_dxvk.dll" at 0E270000: native
134943.348:00cc:00d0:trace:seh:NtQueryInformationThread (0xfffffffe,1,0x31d878,20,(nil))
warn:  OpenVR: Failed to initialize OpenVR
info:  Enabled instance extensions:
info:    VK_KHR_get_surface_capabilities2
info:    VK_KHR_surface
info:    VK_KHR_win32_surface
134943.355:00cc:00d0:err:vulkan:wine_vkCreateInstance Failed to create instance, res=-9
134943.361:00cc:00d0:trace:seh:MSVCRT_raise (22)
Unable to read VR Path Registry from C:\users\steamuser\Local Settings\Application Data\openvr\openvrpaths.vrpath
terminate called after throwing an instance of 'dxvk::DxvkError'
134943.362:00cc:00d0:trace:seh:NtSetInformationThread (0xfffffffe,10,0x31d7d8,4)
134943.362:00cc:00d0:trace:seh:NtSetInformationThread (0xfffffffe,10,0x31d7c8,4)
134943.362:00cc:00d0:trace:seh:NtSetInformationThread (0xfffffffe,10,0x31d7d8,4)
134943.362:00cc:00d0:trace:seh:NtSetInformationThread (0xfffffffe,10,0x31d7d8,4)
134943.362:00cc:00d0:trace:seh:NtSetInformationThread (0xfffffffe,10,0x31d7b8,4)
134943.362:00cc:00d0:trace:seh:NtSetInformationThread (0xfffffffe,10,0x31d7b8,4)
134943.362:00cc:00d0:trace:seh:NtSetInformationThread (0xfffffffe,10,0x31d7d8,4)
134943.362:00cc:00d0:trace:seh:NtSetInformationThread (0xfffffffe,10,0x31d7d8,4)
134943.362:00cc:00d0:fixme:ntdll:EtwEventUnregister (deadbeef) stub.
134943.362:00cc:00d0:fixme:ntdll:EtwEventUnregister (deadbeef) stub.
134943.362:00cc:00d0:fixme:ntdll:EtwEventUnregister (deadbeef) stub.
134943.362:00cc:00d0:fixme:ntdll:EtwEventUnregister (deadbeef) stub.
134943.362:00cc:00d0:fixme:ntdll:EtwEventUnregister (deadbeef) stub.
134943.362:00cc:00d0:trace:seh:NtSetInformationThread (0xfffffffe,10,0x31d7d8,4)
134943.362:00cc:00d0:trace:seh:NtSetInformationThread (0xfffffffe,10,0x31d7dc,4)
134943.362:00cc:00d0:trace:seh:NtSetInformationThread (0xfffffffe,10,0x31d808,4)
134944.369:0058:0084:trace:seh:NtQueryInformationThread (0xfffffffffffffffe,12,0x16cfda0,4,(nil))
134944.369:003c:0074:trace:seh:NtQueryInformationThread (0xfffffffffffffffe,12,0x108fda0,4,(nil))
134944.369:003c:0054:trace:seh:NtQueryInformationThread (0xfffffffffffffffe,12,0xe7fda0,4,(nil))
134944.369:0088:0098:trace:seh:NtQueryInformationThread (0xfffffffffffffffe,12,0xe8fda0,4,(nil))
134944.369:0058:0068:trace:seh:dispatch_exception code=6ba flags=0 addr=000000007B01193E ip=7b01193e tid=0068
134944.369:003c:0050:trace:seh:NtQueryInformationThread (0xfffffffffffffffe,12,0xc6fda0,4,(nil))
134944.369:0058:0068:trace:seh:dispatch_exception  rax=000000007b0118f0 rbx=0000000000e8f1a8 rcx=0000000000e8eed0 rdx=0000000000000000
134944.369:0058:0068:trace:seh:dispatch_exception  rsi=00000000000000cc rdi=00000000000000be rbp=0000000000000000 rsp=0000000000e8eeb0
134944.369:0058:0068:trace:seh:dispatch_exception   r8=0000000000000000  r9=0000000000000000 r10=00000000000d8368 r11=0000000000e8ecd8
134944.369:0058:0068:trace:seh:dispatch_exception  r12=0000000000e8f1a8 r13=000000000005e340 r14=0000000000000000 r15=00000000ffba0000
134944.369:0058:0068:trace:seh:call_vectored_handlers calling handler at 0000000067A0D3E0 code=6ba flags=0
134944.369:0058:0068:trace:seh:call_vectored_handlers handler at 0000000067A0D3E0 returned 0
134944.369:0058:0068:trace:seh:call_vectored_handlers calling handler at 000000007B636530 code=6ba flags=0
134944.369:0058:0068:trace:seh:call_vectored_handlers handler at 000000007B636530 returned 0
134944.369:0058:0068:trace:seh:RtlVirtualUnwind type 1 rip 7b01193e rsp e8eeb0
134944.369:0058:0068:trace:seh:dump_unwind_info **** func 118f0-11977
134944.369:0058:0068:trace:seh:dump_unwind_info unwind info at 000000007B0A23A8 flags 0 prolog 0x11 bytes function 000000007B0118F0-000000007B011977
134944.369:0058:0068:trace:seh:dump_unwind_info     0x11: subq $0xc8,%rsp
134944.369:0058:0068:trace:seh:dump_unwind_info     0xa: pushq %rsi
134944.369:0058:0068:trace:seh:dump_unwind_info     0x9: pushq %rdi
134944.369:0058:0068:trace:seh:RtlVirtualUnwind type 1 rip 6fc067b1 rsp e8ef90
134944.369:0058:0068:trace:seh:dump_unwind_info **** func 467a0-467e5
134944.369:0058:0068:trace:seh:dump_unwind_info unwind info at 000000006FC29350 flags 0 prolog 0x4 bytes function 000000006FC067A0-000000006FC067E5
134944.369:0058:0068:trace:seh:dump_unwind_info     0x4: subq $0x28,%rsp
134944.369:0058:0068:trace:seh:RtlVirtualUnwind type 1 rip 6fbc9e54 rsp e8efc0
134944.369:0058:0068:trace:seh:dump_unwind_info **** func 9d60-9e55
134944.369:0058:0068:trace:seh:dump_unwind_info unwind info at 000000006FC27328 flags 0 prolog 0x6 bytes function 000000006FBC9D60-000000006FBC9E55
134944.369:0058:0068:trace:seh:dump_unwind_info     0x6: subq $0x38,%rsp
134944.369:0058:0068:trace:seh:dump_unwind_info     0x2: pushq %rbx
134944.369:0058:0068:trace:seh:dump_unwind_info     0x1: pushq %rsi
134944.369:0058:0068:trace:seh:RtlVirtualUnwind type 1 rip 67a21c9e rsp e8f010
134944.369:0058:0068:trace:seh:dump_unwind_info **** func 21ae0-21d00
134944.369:0058:0068:trace:seh:dump_unwind_info unwind info at 0000000067A33DE4 flags 0 prolog 0xe bytes function 0000000067A21AE0-0000000067A21D00
134944.369:0058:0068:trace:seh:dump_unwind_info     0xe: subq $0x330,%rsp
134944.369:0058:0068:trace:seh:dump_unwind_info     0x7: pushq %rbx
134944.369:0058:0068:trace:seh:dump_unwind_info     0x6: pushq %rsi
134944.369:0058:0068:trace:seh:dump_unwind_info     0x5: pushq %rdi
134944.369:0058:0068:trace:seh:dump_unwind_info     0x4: pushq %r12
134944.369:0058:0068:trace:seh:dump_unwind_info     0x2: pushq %r13
134944.369:0058:0068:trace:seh:call_stack_handlers found wine frame 0000000000E8F080 rsp e8f370 handler 0000000067A215A0
134944.369:0058:0068:trace:seh:call_teb_handler calling TEB handler 0000000067A215A0 (rec=0000000000E8EED0, frame=0000000000E8F080 context=0000000000E8E400, dispatch=0000000000E8E2D0)
134944.369:0058:0068:trace:seh:call_teb_handler handler at 0000000067A215A0 returned 1
134944.369:0058:0068:trace:seh:RtlVirtualUnwind type 1 rip 67a19f95 rsp e8f370
134944.369:0058:0068:trace:seh:dump_unwind_info **** func 19ec0-19fa6
134944.369:0058:0068:trace:seh:dump_unwind_info unwind info at 0000000067A339E0 flags 0 prolog 0x8 bytes function 0000000067A19EC0-0000000067A19FA6
134944.369:0058:0068:trace:seh:dump_unwind_info     0x8: subq $0x160,%rsp
134944.369:0058:0068:trace:seh:dump_unwind_info     0x1: pushq %rbx
134944.369:0058:0068:trace:seh:call_stack_handlers found wine frame 0000000000E8F3A0 rsp e8f4e0 handler 0000000067A22F50
134944.369:0058:0068:trace:seh:call_teb_handler calling TEB handler 0000000067A22F50 (rec=0000000000E8EED0, frame=0000000000E8F3A0 context=0000000000E8E400, dispatch=0000000000E8E2D0)
134944.369:0058:0068:trace:seh:RtlUnwindEx code=6ba flags=2 end_frame=0000000000E8F3A0 target_ip=0000000067A22EE6 rip=000000007bc5fdb2
134944.369:0058:0068:trace:seh:RtlUnwindEx  rax=00000000ffba0000 rbx=0000000000e8f080 rcx=0000000000e8dcd0 rdx=0000000067a22ee6
134944.369:0058:0068:trace:seh:RtlUnwindEx  rsi=0000000000e8e9d0 rdi=0000000000e8e400 rbp=0000000000e8d780 rsp=0000000000e8d600
134944.369:0058:0068:trace:seh:RtlUnwindEx   r8=0000000000e8eed0  r9=0000000067a22f20 r10=0000000000e8e0e0 r11=0000000000025590
134944.369:0058:0068:trace:seh:RtlUnwindEx  r12=0000000000e8eed0 r13=0000000000e8dcd0 r14=0000000000e8f3a0 r15=0000000000e8eed0
134944.369:0058:0068:trace:seh:RtlVirtualUnwind type 2 rip 7bc5fdb2 rsp e8d600
134944.369:0058:0068:trace:seh:dump_unwind_info **** func 5fd60-6062e
134944.369:0058:0068:trace:seh:dump_unwind_info unwind info at 000000007BC8A798 flags 0 prolog 0x13 bytes function 000000007BC5FD60-000000007BC6062E
134944.369:0058:0068:trace:seh:dump_unwind_info     0x13: subq $0x658,%rsp
134944.369:0058:0068:trace:seh:dump_unwind_info     0xc: pushq %rbx
134944.369:0058:0068:trace:seh:dump_unwind_info     0xb: pushq %rsi
134944.369:0058:0068:trace:seh:dump_unwind_info     0xa: pushq %rdi
134944.369:0058:0068:trace:seh:dump_unwind_info     0x9: pushq %rbp
134944.369:0058:0068:trace:seh:dump_unwind_info     0x8: pushq %r12
134944.369:0058:0068:trace:seh:dump_unwind_info     0x6: pushq %r13
134944.369:0058:0068:trace:seh:dump_unwind_info     0x4: pushq %r14
134944.369:0058:0068:trace:seh:dump_unwind_info     0x2: pushq %r15
134944.369:0058:0068:trace:seh:RtlVirtualUnwind type 2 rip 7bc6064f rsp e8dca0
134944.369:0058:0068:trace:seh:dump_unwind_info **** func 60630-60658
134944.369:0058:0068:trace:seh:dump_unwind_info unwind info at 000000007BC8A7B0 flags 0 prolog 0x7 bytes function 000000007BC60630-000000007BC60658
134944.369:0058:0068:trace:seh:dump_unwind_info     0x7: subq $0x508,%rsp
134944.369:0058:0068:trace:seh:RtlVirtualUnwind type 2 rip 67a22ee6 rsp e8e1b0
134944.369:0058:0068:trace:seh:dump_unwind_info **** func 22ecc-22ee8
134944.369:0058:0068:trace:seh:dump_unwind_info unwind info at 0000000067A33E90 flags 0 prolog 0x8 bytes function 0000000067A22ECC-0000000067A22EE8
134944.369:0058:0068:trace:seh:dump_unwind_info     frame register rbp offset 0x0(%rsp)
134944.369:0058:0068:trace:seh:dump_unwind_info     0x8: subq $0x20,%rsp
134944.369:0058:0068:trace:seh:dump_unwind_info     0x4: leaq 0x0(%rsp),rbp
134944.369:0058:0068:trace:seh:dump_unwind_info     0x1: pushq %rbp
134944.369:0058:0068:trace:seh:RtlVirtualUnwind type 2 rip 67a22f19 rsp e8e1e0
134944.369:0058:0068:trace:seh:dump_unwind_info **** func 22ef0-22f1a
134944.369:0058:0068:trace:seh:dump_unwind_info unwind info at 0000000067A33E9C flags 0 prolog 0x4 bytes function 0000000067A22EF0-0000000067A22F1A
134944.369:0058:0068:trace:seh:dump_unwind_info     0x4: subq $0x28,%rsp
134944.369:0058:0068:trace:seh:RtlVirtualUnwind type 2 rip 67a22fa4 rsp e8e210
134944.369:0058:0068:trace:seh:dump_unwind_info **** func 22f50-22fa5
134944.369:0058:0068:trace:seh:dump_unwind_info unwind info at 0000000067A33EAC flags 0 prolog 0xa bytes function 0000000067A22F50-0000000067A22FA5
134944.369:0058:0068:trace:seh:dump_unwind_info     0xa: subq $0x30,%rsp
134944.369:0058:0068:trace:seh:dump_unwind_info     0x6: pushq %r12
134944.369:0058:0068:trace:seh:dump_unwind_info     0x4: pushq %r13
134944.369:0058:0068:trace:seh:dump_unwind_info     0x2: pushq %r14
134944.369:0058:0068:trace:seh:RtlVirtualUnwind type 2 rip 7bc5f4cf rsp e8e260
134944.369:0058:0068:trace:seh:dump_unwind_info **** func 5f200-5f741
134944.369:0058:0068:trace:seh:dump_unwind_info unwind info at 000000007BC8A758 flags 0 prolog 0x13 bytes function 000000007BC5F200-000000007BC5F741
134944.369:0058:0068:trace:seh:dump_unwind_info     0x13: subq $0x678,%rsp
134944.369:0058:0068:trace:seh:dump_unwind_info     0xc: pushq %rbx
134944.369:0058:0068:trace:seh:dump_unwind_info     0xb: pushq %rsi
134944.369:0058:0068:trace:seh:dump_unwind_info     0xa: pushq %rdi
134944.369:0058:0068:trace:seh:dump_unwind_info     0x9: pushq %rbp
134944.369:0058:0068:trace:seh:dump_unwind_info     0x8: pushq %r12
134944.369:0058:0068:trace:seh:dump_unwind_info     0x6: pushq %r13
134944.369:0058:0068:trace:seh:dump_unwind_info     0x4: pushq %r14
134944.369:0058:0068:trace:seh:dump_unwind_info     0x2: pushq %r15
134944.369:0058:0068:trace:seh:RtlVirtualUnwind type 2 rip 7bc5f81e rsp e8e920
134944.369:0058:0068:trace:seh:dump_unwind_info **** func 5f750-5fa89
134944.369:0058:0068:trace:seh:dump_unwind_info unwind info at 000000007BC8A770 flags 0 prolog 0xe bytes function 000000007BC5F750-000000007BC5FA89
134944.369:0058:0068:trace:seh:dump_unwind_info     0xe: subq $0x50,%rsp
134944.369:0058:0068:trace:seh:dump_unwind_info     0xa: pushq %rbx
134944.369:0058:0068:trace:seh:dump_unwind_info     0x9: pushq %rsi
134944.369:0058:0068:trace:seh:dump_unwind_info     0x8: pushq %rdi
134944.369:0058:0068:trace:seh:dump_unwind_info     0x7: pushq %rbp
134944.369:0058:0068:trace:seh:dump_unwind_info     0x6: pushq %r12
134944.369:0058:0068:trace:seh:dump_unwind_info     0x4: pushq %r13
134944.369:0058:0068:trace:seh:dump_unwind_info     0x2: pushq %r14
134944.369:0058:0068:trace:seh:RtlVirtualUnwind type 2 rip 7bc5dab8 rsp e8e9b0
134944.369:0058:0068:trace:seh:dump_unwind_info **** func 5da50-5dac5
134944.369:0058:0068:trace:seh:dump_unwind_info unwind info at 000000007BC8A6D8 flags 0 prolog 0x7 bytes function 000000007BC5DA50-000000007BC5DAC5
134944.369:0058:0068:trace:seh:dump_unwind_info     0x7: subq $0x4f8,%rsp
134944.369:0058:0068:trace:seh:RtlVirtualUnwind type 2 rip 7b01193e rsp e8eeb0
134944.369:0058:0068:trace:seh:dump_unwind_info **** func 118f0-11977
134944.369:0058:0068:trace:seh:dump_unwind_info unwind info at 000000007B0A23A8 flags 0 prolog 0x11 bytes function 000000007B0118F0-000000007B011977
134944.369:0058:0068:trace:seh:dump_unwind_info     0x11: subq $0xc8,%rsp
134944.369:0058:0068:trace:seh:dump_unwind_info     0xa: pushq %rsi
134944.369:0058:0068:trace:seh:dump_unwind_info     0x9: pushq %rdi
134944.369:0058:0068:trace:seh:RtlVirtualUnwind type 2 rip 6fc067b1 rsp e8ef90
134944.369:0058:0068:trace:seh:dump_unwind_info **** func 467a0-467e5
134944.369:0058:0068:trace:seh:dump_unwind_info unwind info at 000000006FC29350 flags 0 prolog 0x4 bytes function 000000006FC067A0-000000006FC067E5
134944.369:0058:0068:trace:seh:dump_unwind_info     0x4: subq $0x28,%rsp
134944.369:0058:0068:trace:seh:RtlVirtualUnwind type 2 rip 6fbc9e54 rsp e8efc0
134944.369:0058:0068:trace:seh:dump_unwind_info **** func 9d60-9e55
134944.369:0058:0068:trace:seh:dump_unwind_info unwind info at 000000006FC27328 flags 0 prolog 0x6 bytes function 000000006FBC9D60-000000006FBC9E55
134944.369:0058:0068:trace:seh:dump_unwind_info     0x6: subq $0x38,%rsp
134944.369:0058:0068:trace:seh:dump_unwind_info     0x2: pushq %rbx
134944.369:0058:0068:trace:seh:dump_unwind_info     0x1: pushq %rsi
134944.369:0058:0068:trace:seh:RtlVirtualUnwind type 2 rip 67a21c9e rsp e8f010
134944.369:0058:0068:trace:seh:dump_unwind_info **** func 21ae0-21d00
134944.369:0058:0068:trace:seh:dump_unwind_info unwind info at 0000000067A33DE4 flags 0 prolog 0xe bytes function 0000000067A21AE0-0000000067A21D00
134944.369:0058:0068:trace:seh:dump_unwind_info     0xe: subq $0x330,%rsp
134944.369:0058:0068:trace:seh:dump_unwind_info     0x7: pushq %rbx
134944.369:0058:0068:trace:seh:dump_unwind_info     0x6: pushq %rsi
134944.369:0058:0068:trace:seh:dump_unwind_info     0x5: pushq %rdi
134944.369:0058:0068:trace:seh:dump_unwind_info     0x4: pushq %r12
134944.369:0058:0068:trace:seh:dump_unwind_info     0x2: pushq %r13
134944.369:0058:0068:trace:seh:RtlUnwindEx found builtin frame 0000000000E8F080 handler 0000000067A215A0
134944.369:0058:0068:trace:seh:call_teb_unwind_handler calling TEB handler 0000000067A215A0 (rec=0000000000E8EED0, frame=0000000000E8F080 context=0000000000E8DCD0, dispatch=0000000000E8D690)
134944.369:0058:0068:trace:seh:call_teb_unwind_handler handler at 0000000067A215A0 returned 1
134944.369:0058:0068:trace:seh:RtlVirtualUnwind type 2 rip 67a19f95 rsp e8f370
134944.369:0058:0068:trace:seh:dump_unwind_info **** func 19ec0-19fa6
134944.369:0058:0068:trace:seh:dump_unwind_info unwind info at 0000000067A339E0 flags 0 prolog 0x8 bytes function 0000000067A19EC0-0000000067A19FA6
134944.369:0058:0068:trace:seh:dump_unwind_info     0x8: subq $0x160,%rsp
134944.369:0058:0068:trace:seh:dump_unwind_info     0x1: pushq %rbx
134944.369:0058:0068:trace:seh:RtlRestoreContext returning to 67a22ee6 stack e8f370
134944.370:0058:0068:trace:seh:dispatch_exception code=6ba flags=0 addr=000000007B01193E ip=7b01193e tid=0068
134944.370:0058:0068:trace:seh:dispatch_exception  rax=000000007b0118f0 rbx=0000000000e8f1a8 rcx=0000000000e8eec0 rdx=0000000000000000
134944.370:0058:0068:trace:seh:dispatch_exception  rsi=00000000000000d2 rdi=000000000005a7a0 rbp=0000000000000000 rsp=0000000000e8eea0
134944.370:0058:0068:trace:seh:dispatch_exception   r8=0000000000000000  r9=0000000000000000 r10=00000000000103c8 r11=0000000000e8ef18
134944.370:0058:0068:trace:seh:dispatch_exception  r12=0000000000e8f1a8 r13=00000000000d8230 r14=0000000000000000 r15=00000000ffba0000
134944.370:0058:0068:trace:seh:call_vectored_handlers calling handler at 0000000067A0D3E0 code=6ba flags=0
134944.370:0058:0068:trace:seh:call_vectored_handlers handler at 0000000067A0D3E0 returned 0
134944.370:0058:0068:trace:seh:call_vectored_handlers calling handler at 000000007B636530 code=6ba flags=0
134944.370:0058:0068:trace:seh:call_vectored_handlers handler at 000000007B636530 returned 0
134944.370:0058:0068:trace:seh:RtlVirtualUnwind type 1 rip 7b01193e rsp e8eea0
134944.370:0058:0068:trace:seh:dump_unwind_info **** func 118f0-11977
134944.370:0058:0068:trace:seh:dump_unwind_info unwind info at 000000007B0A23A8 flags 0 prolog 0x11 bytes function 000000007B0118F0-000000007B011977
134944.370:0058:0068:trace:seh:dump_unwind_info     0x11: subq $0xc8,%rsp
134944.370:0058:0068:trace:seh:dump_unwind_info     0xa: pushq %rsi
134944.370:0058:0068:trace:seh:dump_unwind_info     0x9: pushq %rdi
134944.370:0058:0068:trace:seh:RtlVirtualUnwind type 1 rip 6fc067b1 rsp e8ef80
134944.370:0058:0068:trace:seh:dump_unwind_info **** func 467a0-467e5
134944.370:0058:0068:trace:seh:dump_unwind_info unwind info at 000000006FC29350 flags 0 prolog 0x4 bytes function 000000006FC067A0-000000006FC067E5
134944.370:0058:0068:trace:seh:dump_unwind_info     0x4: subq $0x28,%rsp
134944.370:0058:0068:trace:seh:RtlVirtualUnwind type 1 rip 6fbc9ce6 rsp e8efb0
134944.370:0058:0068:trace:seh:dump_unwind_info **** func 9c60-9ce7
134944.370:0058:0068:trace:seh:dump_unwind_info unwind info at 000000006FC27314 flags 0 prolog 0x7 bytes function 000000006FBC9C60-000000006FBC9CE7
134944.370:0058:0068:trace:seh:dump_unwind_info     0x7: subq $0x40,%rsp
134944.370:0058:0068:trace:seh:dump_unwind_info     0x3: pushq %rbx
134944.370:0058:0068:trace:seh:dump_unwind_info     0x2: pushq %rsi
134944.370:0058:0068:trace:seh:dump_unwind_info     0x1: pushq %rdi
134944.370:0058:0068:trace:seh:RtlVirtualUnwind type 1 rip 67a21bdd rsp e8f010
134944.370:0058:0068:trace:seh:dump_unwind_info **** func 21ae0-21d00
134944.370:0058:0068:trace:seh:dump_unwind_info unwind info at 0000000067A33DE4 flags 0 prolog 0xe bytes function 0000000067A21AE0-0000000067A21D00
134944.370:0058:0068:trace:seh:dump_unwind_info     0xe: subq $0x330,%rsp
134944.370:0058:0068:trace:seh:dump_unwind_info     0x7: pushq %rbx
134944.370:0058:0068:trace:seh:dump_unwind_info     0x6: pushq %rsi
134944.370:0058:0068:trace:seh:dump_unwind_info     0x5: pushq %rdi
134944.370:0058:0068:trace:seh:dump_unwind_info     0x4: pushq %r12
134944.370:0058:0068:trace:seh:dump_unwind_info     0x2: pushq %r13
134944.370:0058:0068:trace:seh:call_stack_handlers found wine frame 0000000000E8F080 rsp e8f370 handler 0000000067A215A0
134944.370:0058:0068:trace:seh:call_teb_handler calling TEB handler 0000000067A215A0 (rec=0000000000E8EEC0, frame=0000000000E8F080 context=0000000000E8E3F0, dispatch=0000000000E8E2C0)
134944.370:0058:0068:trace:seh:call_teb_handler handler at 0000000067A215A0 returned 1
134944.370:0058:0068:trace:seh:RtlVirtualUnwind type 1 rip 67a19f95 rsp e8f370
134944.370:0058:0068:trace:seh:dump_unwind_info **** func 19ec0-19fa6
134944.370:0058:0068:trace:seh:dump_unwind_info unwind info at 0000000067A339E0 flags 0 prolog 0x8 bytes function 0000000067A19EC0-0000000067A19FA6
134944.370:0058:0068:trace:seh:dump_unwind_info     0x8: subq $0x160,%rsp
134944.370:0058:0068:trace:seh:dump_unwind_info     0x1: pushq %rbx
134944.370:0058:0068:trace:seh:call_stack_handlers found wine frame 0000000000E8F3A0 rsp e8f4e0 handler 0000000067A22F50
134944.370:0058:0068:trace:seh:call_teb_handler calling TEB handler 0000000067A22F50 (rec=0000000000E8EEC0, frame=0000000000E8F3A0 context=0000000000E8E3F0, dispatch=0000000000E8E2C0)
134944.370:0058:0068:trace:seh:RtlUnwindEx code=6ba flags=2 end_frame=0000000000E8F3A0 target_ip=0000000067A22EE6 rip=000000007bc5fdb2
134944.370:0058:0068:trace:seh:RtlUnwindEx  rax=00000000ffba0000 rbx=0000000000e8f080 rcx=0000000000e8dcc0 rdx=0000000067a22ee6
134944.370:0058:0068:trace:seh:RtlUnwindEx  rsi=0000000000e8e9c0 rdi=0000000000e8e3f0 rbp=0000000000e8d770 rsp=0000000000e8d5f0
134944.370:0058:0068:trace:seh:RtlUnwindEx   r8=0000000000e8eec0  r9=0000000067a22f20 r10=000000000000000a r11=0000000000000293
134944.370:0058:0068:trace:seh:RtlUnwindEx  r12=0000000000e8eec0 r13=0000000000e8dcc0 r14=0000000000e8f3a0 r15=0000000000e8eec0
134944.370:0058:0068:trace:seh:RtlVirtualUnwind type 2 rip 7bc5fdb2 rsp e8d5f0
134944.370:0058:0068:trace:seh:dump_unwind_info **** func 5fd60-6062e
134944.370:0058:0068:trace:seh:dump_unwind_info unwind info at 000000007BC8A798 flags 0 prolog 0x13 bytes function 000000007BC5FD60-000000007BC6062E
134944.370:0058:0068:trace:seh:dump_unwind_info     0x13: subq $0x658,%rsp
134944.370:0058:0068:trace:seh:dump_unwind_info     0xc: pushq %rbx
134944.370:0058:0068:trace:seh:dump_unwind_info     0xb: pushq %rsi
134944.370:0058:0068:trace:seh:dump_unwind_info     0xa: pushq %rdi
134944.370:0058:0068:trace:seh:dump_unwind_info     0x9: pushq %rbp
134944.370:0058:0068:trace:seh:dump_unwind_info     0x8: pushq %r12
134944.370:0058:0068:trace:seh:dump_unwind_info     0x6: pushq %r13
134944.370:0058:0068:trace:seh:dump_unwind_info     0x4: pushq %r14
134944.370:0058:0068:trace:seh:dump_unwind_info     0x2: pushq %r15
134944.370:0058:0068:trace:seh:RtlVirtualUnwind type 2 rip 7bc6064f rsp e8dc90
134944.370:0058:0068:trace:seh:dump_unwind_info **** func 60630-60658
134944.370:0058:0068:trace:seh:dump_unwind_info unwind info at 000000007BC8A7B0 flags 0 prolog 0x7 bytes function 000000007BC60630-000000007BC60658
134944.370:0058:0068:trace:seh:dump_unwind_info     0x7: subq $0x508,%rsp
134944.370:0058:0068:trace:seh:RtlVirtualUnwind type 2 rip 67a22ee6 rsp e8e1a0
134944.370:0058:0068:trace:seh:dump_unwind_info **** func 22ecc-22ee8
134944.370:0058:0068:trace:seh:dump_unwind_info unwind info at 0000000067A33E90 flags 0 prolog 0x8 bytes function 0000000067A22ECC-0000000067A22EE8
134944.370:0058:0068:trace:seh:dump_unwind_info     frame register rbp offset 0x0(%rsp)
134944.370:0058:0068:trace:seh:dump_unwind_info     0x8: subq $0x20,%rsp
134944.370:0058:0068:trace:seh:dump_unwind_info     0x4: leaq 0x0(%rsp),rbp
134944.370:0058:0068:trace:seh:dump_unwind_info     0x1: pushq %rbp
134944.370:0058:0068:trace:seh:RtlVirtualUnwind type 2 rip 67a22f19 rsp e8e1d0
134944.370:0058:0068:trace:seh:dump_unwind_info **** func 22ef0-22f1a
134944.370:0058:0068:trace:seh:dump_unwind_info unwind info at 0000000067A33E9C flags 0 prolog 0x4 bytes function 0000000067A22EF0-0000000067A22F1A
134944.370:0058:0068:trace:seh:dump_unwind_info     0x4: subq $0x28,%rsp
134944.370:0058:0068:trace:seh:RtlVirtualUnwind type 2 rip 67a22fa4 rsp e8e200
134944.370:0058:0068:trace:seh:dump_unwind_info **** func 22f50-22fa5
134944.370:0058:0068:trace:seh:dump_unwind_info unwind info at 0000000067A33EAC flags 0 prolog 0xa bytes function 0000000067A22F50-0000000067A22FA5
134944.370:0058:0068:trace:seh:dump_unwind_info     0xa: subq $0x30,%rsp
134944.370:0058:0068:trace:seh:dump_unwind_info     0x6: pushq %r12
134944.370:0058:0068:trace:seh:dump_unwind_info     0x4: pushq %r13
134944.370:0058:0068:trace:seh:dump_unwind_info     0x2: pushq %r14
134944.370:0058:0068:trace:seh:RtlVirtualUnwind type 2 rip 7bc5f4cf rsp e8e250
134944.370:0058:0068:trace:seh:dump_unwind_info **** func 5f200-5f741
134944.370:0058:0068:trace:seh:dump_unwind_info unwind info at 000000007BC8A758 flags 0 prolog 0x13 bytes function 000000007BC5F200-000000007BC5F741
134944.370:0058:0068:trace:seh:dump_unwind_info     0x13: subq $0x678,%rsp
134944.370:0058:0068:trace:seh:dump_unwind_info     0xc: pushq %rbx
134944.370:0058:0068:trace:seh:dump_unwind_info     0xb: pushq %rsi
134944.370:0058:0068:trace:seh:dump_unwind_info     0xa: pushq %rdi
134944.370:0058:0068:trace:seh:dump_unwind_info     0x9: pushq %rbp
134944.370:0058:0068:trace:seh:dump_unwind_info     0x8: pushq %r12
134944.370:0058:0068:trace:seh:dump_unwind_info     0x6: pushq %r13
134944.370:0058:0068:trace:seh:dump_unwind_info     0x4: pushq %r14
134944.370:0058:0068:trace:seh:dump_unwind_info     0x2: pushq %r15
134944.370:0058:0068:trace:seh:RtlVirtualUnwind type 2 rip 7bc5f81e rsp e8e910
134944.370:0058:0068:trace:seh:dump_unwind_info **** func 5f750-5fa89
134944.370:0058:0068:trace:seh:dump_unwind_info unwind info at 000000007BC8A770 flags 0 prolog 0xe bytes function 000000007BC5F750-000000007BC5FA89
134944.370:0058:0068:trace:seh:dump_unwind_info     0xe: subq $0x50,%rsp
134944.370:0058:0068:trace:seh:dump_unwind_info     0xa: pushq %rbx
134944.370:0058:0068:trace:seh:dump_unwind_info     0x9: pushq %rsi
134944.370:0058:0068:trace:seh:dump_unwind_info     0x8: pushq %rdi
134944.370:0058:0068:trace:seh:dump_unwind_info     0x7: pushq %rbp
134944.370:0058:0068:trace:seh:dump_unwind_info     0x6: pushq %r12
134944.370:0058:0068:trace:seh:dump_unwind_info     0x4: pushq %r13
134944.370:0058:0068:trace:seh:dump_unwind_info     0x2: pushq %r14
134944.370:0058:0068:trace:seh:RtlVirtualUnwind type 2 rip 7bc5dab8 rsp e8e9a0
134944.370:0058:0068:trace:seh:dump_unwind_info **** func 5da50-5dac5
134944.370:0058:0068:trace:seh:dump_unwind_info unwind info at 000000007BC8A6D8 flags 0 prolog 0x7 bytes function 000000007BC5DA50-000000007BC5DAC5
134944.370:0058:0068:trace:seh:dump_unwind_info     0x7: subq $0x4f8,%rsp
134944.370:0058:0068:trace:seh:RtlVirtualUnwind type 2 rip 7b01193e rsp e8eea0
134944.370:0058:0068:trace:seh:dump_unwind_info **** func 118f0-11977
134944.370:0058:0068:trace:seh:dump_unwind_info unwind info at 000000007B0A23A8 flags 0 prolog 0x11 bytes function 000000007B0118F0-000000007B011977
134944.370:0058:0068:trace:seh:dump_unwind_info     0x11: subq $0xc8,%rsp
134944.370:0058:0068:trace:seh:dump_unwind_info     0xa: pushq %rsi
134944.370:0058:0068:trace:seh:dump_unwind_info     0x9: pushq %rdi
134944.370:0058:0068:trace:seh:RtlVirtualUnwind type 2 rip 6fc067b1 rsp e8ef80
134944.370:0058:0068:trace:seh:dump_unwind_info **** func 467a0-467e5
134944.370:0058:0068:trace:seh:dump_unwind_info unwind info at 000000006FC29350 flags 0 prolog 0x4 bytes function 000000006FC067A0-000000006FC067E5
134944.370:0058:0068:trace:seh:dump_unwind_info     0x4: subq $0x28,%rsp
134944.370:0058:0068:trace:seh:RtlVirtualUnwind type 2 rip 6fbc9ce6 rsp e8efb0
134944.370:0058:0068:trace:seh:dump_unwind_info **** func 9c60-9ce7
134944.370:0058:0068:trace:seh:dump_unwind_info unwind info at 000000006FC27314 flags 0 prolog 0x7 bytes function 000000006FBC9C60-000000006FBC9CE7
134944.370:0058:0068:trace:seh:dump_unwind_info     0x7: subq $0x40,%rsp
134944.370:0058:0068:trace:seh:dump_unwind_info     0x3: pushq %rbx
134944.370:0058:0068:trace:seh:dump_unwind_info     0x2: pushq %rsi
134944.370:0058:0068:trace:seh:dump_unwind_info     0x1: pushq %rdi
134944.370:0058:0068:trace:seh:RtlVirtualUnwind type 2 rip 67a21bdd rsp e8f010
134944.370:0058:0068:trace:seh:dump_unwind_info **** func 21ae0-21d00
134944.370:0058:0068:trace:seh:dump_unwind_info unwind info at 0000000067A33DE4 flags 0 prolog 0xe bytes function 0000000067A21AE0-0000000067A21D00
134944.370:0058:0068:trace:seh:dump_unwind_info     0xe: subq $0x330,%rsp
134944.370:0058:0068:trace:seh:dump_unwind_info     0x7: pushq %rbx
134944.370:0058:0068:trace:seh:dump_unwind_info     0x6: pushq %rsi
134944.370:0058:0068:trace:seh:dump_unwind_info     0x5: pushq %rdi
134944.370:0058:0068:trace:seh:dump_unwind_info     0x4: pushq %r12
134944.370:0058:0068:trace:seh:dump_unwind_info     0x2: pushq %r13
134944.370:0058:0068:trace:seh:RtlUnwindEx found builtin frame 0000000000E8F080 handler 0000000067A215A0
134944.370:0058:0068:trace:seh:call_teb_unwind_handler calling TEB handler 0000000067A215A0 (rec=0000000000E8EEC0, frame=0000000000E8F080 context=0000000000E8DCC0, dispatch=0000000000E8D680)
134944.370:0058:0068:trace:seh:call_teb_unwind_handler handler at 0000000067A215A0 returned 1
134944.370:0058:0068:trace:seh:RtlVirtualUnwind type 2 rip 67a19f95 rsp e8f370
134944.370:0058:0068:trace:seh:dump_unwind_info **** func 19ec0-19fa6
134944.370:0058:0068:trace:seh:dump_unwind_info unwind info at 0000000067A339E0 flags 0 prolog 0x8 bytes function 0000000067A19EC0-0000000067A19FA6
134944.370:0058:0068:trace:seh:dump_unwind_info     0x8: subq $0x160,%rsp
134944.370:0058:0068:trace:seh:dump_unwind_info     0x1: pushq %rbx
134944.370:0058:0068:trace:seh:RtlRestoreContext returning to 67a22ee6 stack e8f370
134944.371:0058:0070:trace:seh:NtQueryInformationThread (0xfffffffffffffffe,12,0x109fda0,4,(nil))
134944.371:0058:007c:trace:seh:NtQueryInformationThread (0xfffffffffffffffe,12,0x12afda0,4,(nil))
134944.371:0058:0080:trace:seh:NtQueryInformationThread (0xfffffffffffffffe,12,0x14bfda0,4,(nil))
134944.372:0058:0068:trace:loaddll:free_modref Unloaded module L"C:\\windows\\system32\\drivers\\winebus.sys" : builtin
134944.373:0058:0068:trace:loaddll:free_modref Unloaded module L"C:\\windows\\system32\\drivers\\wineusb.sys" : builtin
134944.373:0058:0068:trace:loaddll:free_modref Unloaded module L"C:\\windows\\system32\\drivers\\winehid.sys" : builtin
134944.373:0058:0068:trace:loaddll:free_modref Unloaded module L"C:\\windows\\system32\\hidclass.sys" : builtin
134944.374:0058:0068:trace:seh:NtQueryInformationThread (0xfffffffffffffffe,12,0xe8fda0,4,(nil))
134944.470:0030:0090:trace:seh:NtQueryInformationThread (0xfffffffffffffffe,12,0x14cfda0,4,(nil))
134944.470:0030:009c:trace:seh:NtQueryInformationThread (0xfffffffffffffffe,12,0x16dfda0,4,(nil))
134944.470:0030:0044:trace:seh:NtQueryInformationThread (0xfffffffffffffffe,12,0xc8fda0,4,(nil))
134944.473:0030:0060:trace:seh:NtQueryInformationThread (0xfffffffffffffffe,12,0x10afda0,4,(nil))
134944.473:0030:006c:trace:seh:NtQueryInformationThread (0xfffffffffffffffe,12,0x12bfda0,4,(nil))
134944.473:0030:0038:trace:seh:NtQueryInformationThread (0xfffffffffffffffe,12,0xa7fda0,4,(nil))
pid 34162 != 34161, skipping destruction (fork without exec?)
